[0m15:53:30.272600 [debug] [MainThread]: Sending event: {'category': 'dbt', 'action': 'invocation', 'label': 'start', 'context': [<snowplow_tracker.self_describing_json.SelfDescribingJson object at 0x106abe540>, <snowplow_tracker.self_describing_json.SelfDescribingJson object at 0x106aef920>, <snowplow_tracker.self_describing_json.SelfDescribingJson object at 0x106aef4d0>]}


============================== 15:53:30.275550 | 7ffcbff2-4db2-48ce-a589-97e7c8c93242 ==============================
[0m15:53:30.275550 [info ] [MainThread]: Running with dbt=1.7.10
[0m15:53:30.275915 [debug] [MainThread]: running dbt with arguments {'printer_width': '80', 'indirect_selection': 'eager', 'log_cache_events': 'False', 'write_json': 'True', 'partial_parse': 'True', 'cache_selected_only': 'False', 'warn_error': 'None', 'fail_fast': 'False', 'profiles_dir': '/Users/abner.rodrigues/.dbt', 'log_path': 'logs', 'debug': 'False', 'version_check': 'True', 'use_colors': 'True', 'use_experimental_parser': 'False', 'no_print': 'None', 'quiet': 'False', 'log_format': 'default', 'introspect': 'True', 'static_parser': 'True', 'invocation_command': 'dbt init trustly_case', 'target_path': 'None', 'warn_error_options': 'WarnErrorOptions(include=[], exclude=[])', 'send_anonymous_usage_stats': 'True'}
[0m15:53:30.277612 [debug] [MainThread]: Starter project path: /Library/Frameworks/Python.framework/Versions/3.12/lib/python3.12/site-packages/dbt/include/starter_project
[0m15:53:30.288927 [info ] [MainThread]: 
Your new dbt project "trustly_case" was created!

For more information on how to configure the profiles.yml file,
please consult the dbt documentation here:

  https://docs.getdbt.com/docs/configure-your-profile

One more thing:

Need help? Don't hesitate to reach out to us via GitHub issues or on Slack:

  https://community.getdbt.com/

Happy modeling!

[0m15:53:30.289237 [info ] [MainThread]: Setting up your profile.
[0m15:53:45.290705 [debug] [MainThread]: Resource report: {"command_name": "init", "command_success": true, "command_wall_clock_time": 15.056389, "process_user_time": 0.960215, "process_kernel_time": 0.201071, "process_mem_max_rss": "124338176", "process_in_blocks": "0", "process_out_blocks": "0"}
[0m15:53:45.291150 [debug] [MainThread]: Command `dbt init` succeeded at 15:53:45.291061 after 15.06 seconds
[0m15:53:45.291385 [debug] [MainThread]: Sending event: {'category': 'dbt', 'action': 'invocation', 'label': 'end', 'context': [<snowplow_tracker.self_describing_json.SelfDescribingJson object at 0x106abe540>, <snowplow_tracker.self_describing_json.SelfDescribingJson object at 0x106882660>, <snowplow_tracker.self_describing_json.SelfDescribingJson object at 0x106b6d550>]}
[0m15:53:45.291619 [debug] [MainThread]: Flushing usage events
[0m15:54:10.141479 [debug] [MainThread]: Sending event: {'category': 'dbt', 'action': 'invocation', 'label': 'start', 'context': [<snowplow_tracker.self_describing_json.SelfDescribingJson object at 0x103342240>, <snowplow_tracker.self_describing_json.SelfDescribingJson object at 0x1052fbe00>, <snowplow_tracker.self_describing_json.SelfDescribingJson object at 0x1052fba40>]}


============================== 15:54:10.144587 | a44ece82-1f6f-4128-9977-67449cb7002a ==============================
[0m15:54:10.144587 [info ] [MainThread]: Running with dbt=1.7.10
[0m15:54:10.144951 [debug] [MainThread]: running dbt with arguments {'printer_width': '80', 'indirect_selection': 'eager', 'write_json': 'True', 'log_cache_events': 'False', 'partial_parse': 'True', 'cache_selected_only': 'False', 'profiles_dir': '/Users/abner.rodrigues/.dbt', 'debug': 'False', 'warn_error': 'None', 'log_path': 'logs', 'fail_fast': 'False', 'version_check': 'True', 'use_colors': 'True', 'use_experimental_parser': 'False', 'no_print': 'None', 'quiet': 'False', 'warn_error_options': 'WarnErrorOptions(include=[], exclude=[])', 'invocation_command': 'dbt run -s my_first_dbt_model', 'introspect': 'True', 'log_format': 'default', 'target_path': 'None', 'static_parser': 'True', 'send_anonymous_usage_stats': 'True'}
[0m15:54:10.145297 [error] [MainThread]: Encountered an error:
Runtime Error
  No dbt_project.yml found at expected path /Users/abner.rodrigues/Documents/projects/trustly/case-trustly/dbt_project.yml
  Verify that each entry within packages.yml (and their transitive dependencies) contains a file named dbt_project.yml
  
[0m15:54:10.147011 [debug] [MainThread]: Resource report: {"command_name": "run", "command_wall_clock_time": 0.04715325, "process_user_time": 0.884337, "process_kernel_time": 0.159199, "process_mem_max_rss": "107806720", "command_success": false, "process_in_blocks": "0", "process_out_blocks": "0"}
[0m15:54:10.147491 [debug] [MainThread]: Command `dbt run` failed at 15:54:10.147398 after 0.05 seconds
[0m15:54:10.147724 [debug] [MainThread]: Sending event: {'category': 'dbt', 'action': 'invocation', 'label': 'end', 'context': [<snowplow_tracker.self_describing_json.SelfDescribingJson object at 0x104e0d5b0>, <snowplow_tracker.self_describing_json.SelfDescribingJson object at 0x1052fbda0>, <snowplow_tracker.self_describing_json.SelfDescribingJson object at 0x1052fbb00>]}
[0m15:54:10.147941 [debug] [MainThread]: Flushing usage events
